#
# A fatal error has been detected by the Java Runtime Environment:
#
#  EXCEPTION_ACCESS_VIOLATION (0xc0000005) at pc=0x000000005943f8e3, pid=7812, tid=0x0000000000001b6c
#
# JRE version: Java(TM) SE Runtime Environment (8.0_241-b07) (build 1.8.0_241-b07)
# Java VM: Java HotSpot(TM) 64-Bit Server VM (25.241-b07 mixed mode windows-amd64 compressed oops)
# Problematic frame:
# V  [jvm.dll+0xff8e3]
#
# Failed to write core dump. Minidumps are not enabled by default on client versions of Windows
#
# If you would like to submit a bug report, please visit:
#   http://bugreport.java.com/bugreport/crash.jsp
#

---------------  T H R E A D  ---------------

Current thread (0x0000000017d87800):  VMThread [stack: 0x0000000018e10000,0x0000000018f10000] [id=7020]

siginfo: ExceptionCode=0xc0000005, reading address 0x000000005ab57181

Registers:
RAX=0x00000000000000ff, RBX=0x0000000018f0f1f0, RCX=0x0000000017d87fb0, RDX=0x0000000000000002
RSP=0x0000000018f0f180, RBP=0x00000000178fab17, RSI=0x0000000001010101, RDI=0x00000000000000ff
R8 =0x00000000031dc490, R9 =0x0000000000000003, R10=0x0000000000000003, R11=0x00000000178fab17
R12=0x0000000059340000, R13=0x0000000018f0f1d0, R14=0x0000000000000000, R15=0x0000000000000000
RIP=0x000000005943f8e3, EFLAGS=0x0000000000010206

Top of Stack: (sp=0x0000000018f0f180)
0x0000000018f0f180:   0000000018f0f1f0 0000000018f0f219
0x0000000018f0f190:   0000000018f0f1d0 0000000018f0f1d0
0x0000000018f0f1a0:   00000000178fc470 00000000595163d3
0x0000000018f0f1b0:   0000000018f0f219 0000000018f0f1e0
0x0000000018f0f1c0:   00000000000000a1 0000000018f0f1d0
0x0000000018f0f1d0:   00000000178fc470 0000000017d87800
0x0000000018f0f1e0:   00000000178fc470 0000000017d87800
0x0000000018f0f1f0:   00000000178facc0 0000000017d87800
0x0000000018f0f200:   0000029f0000029f 000000a1000002fc
0x0000000018f0f210:   0000000003360000 00000000000000a1
0x0000000018f0f220:   00000000178fc470 0000000017d87800
0x0000000018f0f230:   0000029f0000029c 000000a1000002fc
0x0000000018f0f240:   0000000017d80000 00000000000000a1
0x0000000018f0f250:   0000000017c957d8 0000000000000008
0x0000000018f0f260:   0000000000000000 0000000000000001
0x0000000018f0f270:   00000000178facc0 0000000059503d14 

Instructions: (pc=0x000000005943f8e3)
0x000000005943f8c3:   0d 48 8b 0b 48 8b d0 e8 41 2d fb ff 8b f8 4c 8d
0x000000005943f8d3:   25 28 07 f0 ff 48 63 c7 49 63 b4 84 d0 6c 80 00
0x000000005943f8e3:   42 0f b6 8c 26 80 70 80 00 83 e1 0f 75 3d 44 0f
0x000000005943f8f3:   b6 4d 00 41 81 f9 ca 00 00 00 75 0e 48 8b 0b 48 


Register to memory mapping:

RAX=0x00000000000000ff is an unknown value
RBX=0x0000000018f0f1f0 is an unknown value
RCX=0x0000000017d87fb0 is an unknown value
RDX=0x0000000000000002 is an unknown value
RSP=0x0000000018f0f180 is an unknown value
RBP=0x00000000178fab17 is pointing into metadata
RSI=0x0000000001010101 is an unknown value
RDI=0x00000000000000ff is an unknown value
R8 =0x00000000031dc490 is an unknown value
R9 =0x0000000000000003 is an unknown value
R10=0x0000000000000003 is an unknown value
R11=0x00000000178fab17 is pointing into metadata
R12=0x0000000059340000 is an unknown value
R13=0x0000000018f0f1d0 is an unknown value
R14=0x0000000000000000 is an unknown value
R15=0x0000000000000000 is an unknown value


Stack: [0x0000000018e10000,0x0000000018f10000],  sp=0x0000000018f0f180,  free space=1020k
Native frames: (J=compiled Java code, j=interpreted, Vv=VM code, C=native code)
V  [jvm.dll+0xff8e3]
V  [jvm.dll+0x1d63d3]
V  [jvm.dll+0x1c3d14]
V  [jvm.dll+0x1c8e9c]
V  [jvm.dll+0x1c93eb]
V  [jvm.dll+0x24d6b7]
V  [jvm.dll+0x24c956]
V  [jvm.dll+0x24cdf1]
V  [jvm.dll+0x24d00e]
V  [jvm.dll+0x29fd2a]
C  [msvcr100.dll+0x21d9f]
C  [msvcr100.dll+0x21e3b]
C  [KERNEL32.DLL+0x17bd4]
C  [ntdll.dll+0x6ced1]

VM_Operation (0x000000001980f3c0): RedefineClasses, mode: safepoint, requested by thread 0x0000000019315000, redefining class chap03.Puzzle



---------------  P R O C E S S  ---------------

Java Threads: ( => current thread )
  0x00000000193c0800 JavaThread "Service Thread" daemon [_thread_blocked, id=5056, stack(0x0000000019d10000,0x0000000019e10000)]
  0x00000000193b0800 JavaThread "C1 CompilerThread2" daemon [_thread_blocked, id=2608, stack(0x0000000019c10000,0x0000000019d10000)]
  0x00000000193c6800 JavaThread "C2 CompilerThread1" daemon [_thread_blocked, id=9144, stack(0x0000000019b10000,0x0000000019c10000)]
  0x00000000193c6000 JavaThread "C2 CompilerThread0" daemon [_thread_blocked, id=9616, stack(0x0000000019a10000,0x0000000019b10000)]
  0x0000000019325800 JavaThread "JDWP Command Reader" daemon [_thread_in_native, id=8288, stack(0x0000000019910000,0x0000000019a10000)]
  0x0000000019324800 JavaThread "JDWP Event Helper Thread" daemon [_thread_blocked, id=2060, stack(0x0000000019810000,0x0000000019910000)]
  0x0000000019315000 JavaThread "JDWP Transport Listener: dt_socket" daemon [_thread_blocked, id=5432, stack(0x0000000019710000,0x0000000019810000)]
  0x0000000017e1a800 JavaThread "Attach Listener" daemon [_thread_blocked, id=6884, stack(0x0000000019210000,0x0000000019310000)]
  0x0000000017e1a000 JavaThread "Signal Dispatcher" daemon [_thread_blocked, id=2128, stack(0x0000000019110000,0x0000000019210000)]
  0x00000000031ec800 JavaThread "Finalizer" daemon [_thread_blocked, id=1280, stack(0x0000000019010000,0x0000000019110000)]
  0x00000000031e1000 JavaThread "Reference Handler" daemon [_thread_blocked, id=7312, stack(0x0000000018f10000,0x0000000019010000)]
  0x00000000030f2800 JavaThread "main" [_thread_blocked, id=6036, stack(0x0000000002e10000,0x0000000002f10000)]

Other Threads:
=>0x0000000017d87800 VMThread [stack: 0x0000000018e10000,0x0000000018f10000] [id=7020]
  0x00000000194db800 WatcherThread [stack: 0x0000000019e10000,0x0000000019f10000] [id=7556]

VM state:at safepoint (normal execution)

VM Mutex/Monitor currently owned by a thread:  ([mutex/lock_event])
[0x0000000002a7dc80] Threads_lock - owner thread: 0x0000000017d87800

heap address: 0x0000000080800000, size: 2040 MB, Compressed Oops mode: 32-bit
Narrow klass base: 0x0000000000000000, Narrow klass shift: 3
Compressed class space size: 1073741824 Address: 0x0000000100000000

Heap:
 PSYoungGen      total 38400K, used 7353K [0x00000000d5800000, 0x00000000d8280000, 0x0000000100000000)
  eden space 33280K, 22% used [0x00000000d5800000,0x00000000d5f2e5d8,0x00000000d7880000)
  from space 5120K, 0% used [0x00000000d7d80000,0x00000000d7d80000,0x00000000d8280000)
  to   space 5120K, 0% used [0x00000000d7880000,0x00000000d7880000,0x00000000d7d80000)
 ParOldGen       total 87552K, used 0K [0x0000000080800000, 0x0000000085d80000, 0x00000000d5800000)
  object space 87552K, 0% used [0x0000000080800000,0x0000000080800000,0x0000000085d80000)
 Metaspace       used 5508K, capacity 5646K, committed 5760K, reserved 1056768K
  class space    used 603K, capacity 629K, committed 640K, reserved 1048576K

Card table byte_map: [0x00000000125b0000,0x00000000129b0000] byte_map_base: 0x00000000121ac000

Marking Bits: (ParMarkBitMap*) 0x0000000059b6be30
 Begin Bits: [0x0000000013060000, 0x0000000015040000)
 End Bits:   [0x0000000015040000, 0x0000000017020000)

Polling page: 0x0000000000d50000

CodeCache: size=245760Kb used=1523Kb max_used=1523Kb free=244236Kb
 bounds [0x00000000031f0000, 0x0000000003460000, 0x00000000121f0000]
 total_blobs=481 nmethods=183 adapters=219
 compilation: enabled

Compilation events (10 events):
Event: 207.609 Thread 0x00000000193b0800  181       3       org.eclipse.jdt.launching.internal.org.objectweb.asm.MethodWriter::visitLabel (328 bytes)
Event: 207.610 Thread 0x00000000193b0800 nmethod 181 0x000000000336a6d0 code [0x000000000336a8c0, 0x000000000336b3d8]
Event: 207.610 Thread 0x00000000193b0800  182       3       org.eclipse.jdt.launching.internal.org.objectweb.asm.ClassReader::readClass (7 bytes)
Event: 207.610 Thread 0x00000000193b0800 nmethod 182 0x000000000336b7d0 code [0x000000000336b960, 0x000000000336be68]
Event: 207.610 Thread 0x00000000193b0800  183       3       org.eclipse.jdt.launching.internal.org.objectweb.asm.ClassReader::readStringish (16 bytes)
Event: 207.610 Thread 0x00000000193b0800 nmethod 183 0x000000000336c2d0 code [0x000000000336c460, 0x000000000336c908]
Event: 207.610 Thread 0x00000000193b0800  180       3       org.eclipse.jdt.launching.internal.org.objectweb.asm.MethodWriter::visitLineNumber (50 bytes)
Event: 207.611 Thread 0x00000000193b0800 nmethod 180 0x000000000336cc50 code [0x000000000336cde0, 0x000000000336d218]
Event: 357.299 Thread 0x00000000193b0800  184       3       org.eclipse.jdt.launching.internal.org.objectweb.asm.ByteVector::encodeUtf8 (337 bytes)
Event: 357.300 Thread 0x00000000193c6000  187       4       org.eclipse.jdt.launching.internal.org.objectweb.asm.ByteVector::putByte (39 bytes)

GC Heap History (0 events):
No events

Deoptimization events (0 events):
No events

Classes redefined (3 events):
Event: 24.351 Thread 0x0000000017d87800 redefined class name=chap03.Puzzle, count=1
Event: 33.909 Thread 0x0000000017d87800 redefined class name=chap03.Puzzle, count=2
Event: 207.610 Thread 0x0000000017d87800 redefined class name=chap03.Puzzle, count=3

Internal exceptions (7 events):
Event: 0.028 Thread 0x00000000030f2800 Exception <a 'java/lang/NoSuchMethodError': Method sun.misc.Unsafe.defineClass(Ljava/lang/String;[BII)Ljava/lang/Class; name or signature does not match> (0x00000000d5807cc0) thrown at [C:\ade\jenkins\workspace\8-2-build-windows-amd64-cygwin\jdk8u241\331\
Event: 0.028 Thread 0x00000000030f2800 Exception <a 'java/lang/NoSuchMethodError': Method sun.misc.Unsafe.prefetchRead(Ljava/lang/Object;J)V name or signature does not match> (0x00000000d5807fa8) thrown at [C:\ade\jenkins\workspace\8-2-build-windows-amd64-cygwin\jdk8u241\331\hotspot\src\share\
Event: 0.284 Thread 0x00000000030f2800 Exception <a 'java/security/PrivilegedActionException'> (0x00000000d5e0fbb0) thrown at [C:\ade\jenkins\workspace\8-2-build-windows-amd64-cygwin\jdk8u241\331\hotspot\src\share\vm\prims\jvm.cpp, line 1502]
Event: 0.284 Thread 0x00000000030f2800 Exception <a 'java/security/PrivilegedActionException'> (0x00000000d5e0ffa8) thrown at [C:\ade\jenkins\workspace\8-2-build-windows-amd64-cygwin\jdk8u241\331\hotspot\src\share\vm\prims\jvm.cpp, line 1502]
Event: 0.285 Thread 0x00000000030f2800 Exception <a 'java/security/PrivilegedActionException'> (0x00000000d5e13e00) thrown at [C:\ade\jenkins\workspace\8-2-build-windows-amd64-cygwin\jdk8u241\331\hotspot\src\share\vm\prims\jvm.cpp, line 1502]
Event: 0.285 Thread 0x00000000030f2800 Exception <a 'java/security/PrivilegedActionException'> (0x00000000d5e141f8) thrown at [C:\ade\jenkins\workspace\8-2-build-windows-amd64-cygwin\jdk8u241\331\hotspot\src\share\vm\prims\jvm.cpp, line 1502]
Event: 2.941 Thread 0x00000000030f2800 Exception <a 'java/lang/ArrayIndexOutOfBoundsException': 5> (0x00000000d5e9fba8) thrown at [C:\ade\jenkins\workspace\8-2-build-windows-amd64-cygwin\jdk8u241\331\hotspot\src\share\vm\interpreter\interpreterRuntime.cpp, line 368]

Events (10 events):
Event: 350.537 Executing VM operation: ChangeBreakpoints done
Event: 351.149 Executing VM operation: ChangeBreakpoints
Event: 351.149 Executing VM operation: ChangeBreakpoints done
Event: 351.987 Executing VM operation: ChangeBreakpoints
Event: 351.987 Executing VM operation: ChangeBreakpoints done
Event: 352.894 Executing VM operation: ChangeBreakpoints
Event: 352.894 Executing VM operation: ChangeBreakpoints done
Event: 353.831 Executing VM operation: ChangeBreakpoints
Event: 353.831 Executing VM operation: ChangeBreakpoints done
Event: 357.300 Executing VM operation: RedefineClasses


Dynamic libraries:
0x00007ff601990000 - 0x00007ff6019c7000 	C:\Program Files\Java\jre1.8.0_241\bin\javaw.exe
0x00007ff8110e0000 - 0x00007ff8112d0000 	C:\Windows\SYSTEM32\ntdll.dll
0x00007ff80f930000 - 0x00007ff80f9e2000 	C:\Windows\System32\KERNEL32.DLL
0x00007ff80e140000 - 0x00007ff80e3e3000 	C:\Windows\System32\KERNELBASE.dll
0x00007ff80f870000 - 0x00007ff80f913000 	C:\Windows\System32\ADVAPI32.dll
0x00007ff810b90000 - 0x00007ff810c2e000 	C:\Windows\System32\msvcrt.dll
0x00007ff810510000 - 0x00007ff8105a7000 	C:\Windows\System32\sechost.dll
0x00007ff810f80000 - 0x00007ff8110a0000 	C:\Windows\System32\RPCRT4.dll
0x00007ff810d00000 - 0x00007ff810e94000 	C:\Windows\System32\USER32.dll
0x00007ff80e110000 - 0x00007ff80e131000 	C:\Windows\System32\win32u.dll
0x00007ff80f190000 - 0x00007ff80f1b6000 	C:\Windows\System32\GDI32.dll
0x00007ff80ec70000 - 0x00007ff80ee04000 	C:\Windows\System32\gdi32full.dll
0x00007ff80e070000 - 0x00007ff80e10e000 	C:\Windows\System32\msvcp_win.dll
0x00007ff80ee10000 - 0x00007ff80ef0a000 	C:\Windows\System32\ucrtbase.dll
0x00007ffffef90000 - 0x00007fffff215000 	C:\Windows\WinSxS\amd64_microsoft.windows.common-controls_6595b64144ccf1df_6.0.18362.657_none_e6c5b579130e3898\COMCTL32.dll
0x00007ff810760000 - 0x00007ff810a96000 	C:\Windows\System32\combase.dll
0x00007ff80ebc0000 - 0x00007ff80ec40000 	C:\Windows\System32\bcryptPrimitives.dll
0x00007ff8104e0000 - 0x00007ff81050e000 	C:\Windows\System32\IMM32.DLL
0x0000000059180000 - 0x0000000059252000 	C:\Program Files\Java\jre1.8.0_241\bin\msvcr100.dll
0x0000000059340000 - 0x0000000059bec000 	C:\Program Files\Java\jre1.8.0_241\bin\server\jvm.dll
0x00007ff810f70000 - 0x00007ff810f78000 	C:\Windows\System32\PSAPI.DLL
0x00007ff80ac70000 - 0x00007ff80ac94000 	C:\Windows\SYSTEM32\WINMM.dll
0x00007ff807db0000 - 0x00007ff807dba000 	C:\Windows\SYSTEM32\VERSION.dll
0x00007ff80ac40000 - 0x00007ff80ac6d000 	C:\Windows\SYSTEM32\winmmbase.dll
0x00007ff80e3f0000 - 0x00007ff80e43a000 	C:\Windows\System32\cfgmgr32.dll
0x00007ff8006d0000 - 0x00007ff8006d9000 	C:\Windows\SYSTEM32\WSOCK32.dll
0x00007ff8105b0000 - 0x00007ff81061f000 	C:\Windows\System32\WS2_32.dll
0x00007ffffe2c0000 - 0x00007ffffe2cf000 	C:\Program Files\Java\jre1.8.0_241\bin\verify.dll
0x00007ffff2960000 - 0x00007ffff2989000 	C:\Program Files\Java\jre1.8.0_241\bin\java.dll
0x00007ff802940000 - 0x00007ff802975000 	C:\Program Files\Java\jre1.8.0_241\bin\jdwp.dll
0x00007ff80acc0000 - 0x00007ff80acc8000 	C:\Program Files\Java\jre1.8.0_241\bin\npt.dll
0x00007ff8009f0000 - 0x00007ff800a13000 	C:\Program Files\Java\jre1.8.0_241\bin\instrument.dll
0x00007ffffc750000 - 0x00007ffffc766000 	C:\Program Files\Java\jre1.8.0_241\bin\zip.dll
0x00007ff80fc40000 - 0x00007ff810325000 	C:\Windows\System32\SHELL32.dll
0x00007ff80f690000 - 0x00007ff80f739000 	C:\Windows\System32\shcore.dll
0x00007ff80e440000 - 0x00007ff80ebbf000 	C:\Windows\System32\windows.storage.dll
0x00007ff80e030000 - 0x00007ff80e04f000 	C:\Windows\System32\profapi.dll
0x00007ff80dfe0000 - 0x00007ff80e02a000 	C:\Windows\System32\powrprof.dll
0x00007ff80dfb0000 - 0x00007ff80dfc0000 	C:\Windows\System32\UMPDC.dll
0x00007ff80f630000 - 0x00007ff80f682000 	C:\Windows\System32\shlwapi.dll
0x00007ff80dfc0000 - 0x00007ff80dfd1000 	C:\Windows\System32\kernel.appcore.dll
0x00007ff80f020000 - 0x00007ff80f037000 	C:\Windows\System32\cryptsp.dll
0x00007ff807a60000 - 0x00007ff807a69000 	C:\Program Files\Java\jre1.8.0_241\bin\dt_socket.dll
0x00007fffea980000 - 0x00007fffea996000 	C:\Windows\system32\napinsp.dll
0x00007fffe7350000 - 0x00007fffe736a000 	C:\Windows\system32\pnrpnsp.dll
0x00007ff80d820000 - 0x00007ff80d887000 	C:\Windows\System32\mswsock.dll
0x00007ff80d570000 - 0x00007ff80d63a000 	C:\Windows\SYSTEM32\DNSAPI.dll
0x00007ff80f920000 - 0x00007ff80f928000 	C:\Windows\System32\NSI.dll
0x00007ff80d530000 - 0x00007ff80d56a000 	C:\Windows\SYSTEM32\IPHLPAPI.DLL
0x00007ff8006e0000 - 0x00007ff8006ee000 	C:\Windows\System32\winrnr.dll
0x00007ff80a810000 - 0x00007ff80a82c000 	C:\Windows\system32\NLAapi.dll
0x00007ffff67e0000 - 0x00007ffff67f5000 	C:\Windows\system32\wshbth.dll
0x00007ff807ed0000 - 0x00007ff807f47000 	C:\Windows\System32\fwpuclnt.dll
0x00007ff80ec40000 - 0x00007ff80ec66000 	C:\Windows\System32\bcrypt.dll
0x00007ff8073c0000 - 0x00007ff8073ca000 	C:\Windows\System32\rasadhlp.dll
0x00007ff8024f0000 - 0x00007ff8026e4000 	C:\Windows\SYSTEM32\dbghelp.dll

VM Arguments:
jvm_args: -agentlib:jdwp=transport=dt_socket,suspend=y,address=localhost:51744 -javaagent:D:\BigData\JavaStudy\eclipse-java-2019-12-R-win32-x86_64\eclipse\configuration\org.eclipse.osgi\228\0\.cp\lib\javaagent-shaded.jar -Dfile.encoding=UTF-8 
java_command: chap03.Puzzle
java_class_path (initial): D:\BigData\JavaStudy\WorkSpace\Java_Bigdata\bin;D:\BigData\JavaStudy\eclipse-java-2019-12-R-win32-x86_64\eclipse\configuration\org.eclipse.osgi\228\0\.cp\lib\javaagent-shaded.jar
Launcher Type: SUN_STANDARD

Environment Variables:
JAVA_HOME=C:\Program Files\Java\jdk1.8.0_241
CLASSPATH=C:\Program Files\Java\jdk1.8.0_241\bin\;.;
PATH=C:/Program Files/Java/jre1.8.0_241/bin/server;C:/Program Files/Java/jre1.8.0_241/bin;C:/Program Files/Java/jre1.8.0_241/lib/amd64;C:\Program Files (x86)\Common Files\Oracle\Java\javapath;C:\Windows\system32;C:\Windows;C:\Windows\System32\Wbem;C:\Windows\System32\WindowsPowerShell\v1.0\;C:\Windows\System32\OpenSSH\;C:\Program Files\Java\jdk1.8.0_241\bin;C:\Users\205\AppData\Local\Microsoft\WindowsApps;C:\Users\205\AppData\Local\GitHubDesktop\bin;D:\BigData\JavaStudy\eclipse-java-2019-12-R-win32-x86_64\eclipse;
USERNAME=205
OS=Windows_NT
PROCESSOR_IDENTIFIER=Intel64 Family 6 Model 158 Stepping 9, GenuineIntel



---------------  S Y S T E M  ---------------

OS: Windows 10.0 , 64 bit Build 18362 (10.0.18362.329)

CPU:total 4 (initial active 4) (4 cores per cpu, 1 threads per core) family 6 model 158 stepping 9, cmov, cx8, fxsr, mmx, sse, sse2, sse3, ssse3, sse4.1, sse4.2, popcnt, avx, avx2, aes, clmul, erms, 3dnowpref, lzcnt, tsc, tscinvbit, bmi1, bmi2, adx

Memory: 4k page, physical 8351496k(5322120k free), swap 9775360k(2858616k free)

vm_info: Java HotSpot(TM) 64-Bit Server VM (25.241-b07) for windows-amd64 JRE (1.8.0_241-b07), built on Dec 11 2019 10:21:40 by "rejava" with MS VC++ 10.0 (VS2010)

time: Tue Feb 25 11:21:33 2020
timezone: 대한민국 표준시
elapsed time: 357 seconds (0d 0h 5m 57s)

