InnoDB: using atomic writes.
2020-02-27 17:07:21 0 [Note] InnoDB: Mutexes and rw_locks use Windows interlocked functions
2020-02-27 17:07:21 0 [Note] InnoDB: Uses event mutexes
2020-02-27 17:07:21 0 [Note] InnoDB: Compressed tables use zlib 1.2.11
2020-02-27 17:07:21 0 [Note] InnoDB: Number of pools: 1
2020-02-27 17:07:21 0 [Note] InnoDB: Using SSE2 crc32 instructions
2020-02-27 17:07:21 0 [Note] InnoDB: Initializing buffer pool, total size = 1G, instances = 1, chunk size = 128M
2020-02-27 17:07:21 0 [Note] InnoDB: Completed initialization of buffer pool
2020-02-27 17:07:21 0 [Note] InnoDB: 128 out of 128 rollback segments are active.
2020-02-27 17:07:21 0 [Note] InnoDB: Creating shared tablespace for temporary tables
2020-02-27 17:07:21 0 [Note] InnoDB: Setting file '.\ibtmp1' size to 12 MB. Physically writing the file full; Please wait ...
2020-02-27 17:07:21 0 [Note] InnoDB: File '.\ibtmp1' size is now 12 MB.
2020-02-27 17:07:21 0 [Note] InnoDB: Waiting for purge to start
2020-02-27 17:07:21 0 [Note] InnoDB: 10.4.12 started; log sequence number 60981; transaction id 21
2020-02-27 17:07:21 0 [Note] InnoDB: Loading buffer pool(s) from D:\BigData\JavaStudy\WorkSpace\Java_Bigdata\MariaDB 10.4\data\ib_buffer_pool
2020-02-27 17:07:21 0 [Note] Plugin 'FEEDBACK' is disabled.
2020-02-27 17:07:21 0 [Note] Server socket created on IP: '::'.
2020-02-27 17:07:21 0 [Note] InnoDB: Buffer pool(s) load completed at 200227 17:07:21
2020-02-27 17:07:21 0 [Note] Reading of all Master_info entries succeeded
2020-02-27 17:07:21 0 [Note] Added new Master_info '' to hash table
2020-02-27 17:07:21 0 [Note] D:\BigData\JavaStudy\WorkSpace\Java_Bigdata\MariaDB 10.4\bin\mysqld.exe: ready for connections.
Version: '10.4.12-MariaDB'  socket: ''  port: 3306  mariadb.org binary distribution
2020-02-27 17:08:03 8 [Warning] Aborted connection 8 to db: 'unconnected' user: 'root' host: 'localhost' (Got an error reading communication packets)
2020-02-27 18:24:09 10 [Warning] Aborted connection 10 to db: 'unconnected' user: 'unauthenticated' host: 'localhost' (This connection closed normally without authentication)
2020-02-27 18:24:09 9 [Warning] Aborted connection 9 to db: 'unconnected' user: 'unauthenticated' host: 'localhost' (This connection closed normally without authentication)
2020-02-27 18:24:11 11 [Warning] Aborted connection 11 to db: 'unconnected' user: 'unauthenticated' host: 'localhost' (This connection closed normally without authentication)
2020-02-27 18:24:14 12 [Warning] Aborted connection 12 to db: 'unconnected' user: 'unauthenticated' host: 'localhost' (This connection closed normally without authentication)
2020-02-27 18:24:24 13 [Warning] Aborted connection 13 to db: 'unconnected' user: 'unauthenticated' host: 'localhost' (Got an error reading communication packets)
2020-02-27 18:24:24 13 [Warning] Aborted connection 13 to db: 'unconnected' user: 'unauthenticated' host: 'localhost' (This connection closed normally without authentication)
2020-02-27 18:35:36 15 [Warning] Aborted connection 15 to db: 'unconnected' user: 'root' host: 'localhost' (Got an error reading communication packets)
2020-02-28 11:14:36 17 [Warning] Aborted connection 17 to db: 'unconnected' user: 'root' host: 'localhost' (Got an error reading communication packets)
